2020-08-19 21:33:04,514 INFO PERFORMANCE:|0|0|-1|-1

2020-08-19 21:38:04,528 INFO PERFORMANCE:|0|0|-1|-1

2020-08-19 21:43:04,529 INFO PERFORMANCE:|0|0|-1|-1

2020-08-19 21:48:04,534 INFO PERFORMANCE:|0|0|-1|-1

2020-08-19 21:53:04,535 INFO PERFORMANCE:|0|0|-1|-1

2020-08-19 21:58:04,547 INFO PERFORMANCE:|1|1|-1|-1

2020-08-19 22:03:04,555 INFO PERFORMANCE:|1|1|-1|-1

2020-08-19 22:08:04,567 INFO PERFORMANCE:|1|1|-1|-1

2020-08-19 22:13:04,579 INFO PERFORMANCE:|1|1|-1|-1

2020-08-19 22:18:04,590 INFO PERFORMANCE:|1|1|-1|-1

2020-08-19 22:23:04,597 INFO PERFORMANCE:|1|0|-1|-1

2020-08-19 22:28:04,606 INFO PERFORMANCE:|1|0|-1|-1

2020-08-19 22:33:04,619 INFO PERFORMANCE:|1|0|-1|-1

2020-08-19 22:38:04,648 INFO PERFORMANCE:|1|1|-1|-1

2020-08-19 22:43:04,649 INFO PERFORMANCE:|1|1|-1|-1

2020-08-19 22:48:04,664 INFO PERFORMANCE:|1|1|-1|-1

2020-08-19 22:53:04,678 INFO PERFORMANCE:|1|1|-1|-1

2020-08-19 22:58:04,688 INFO PERFORMANCE:|1|1|-1|-1

2020-08-19 23:03:04,699 INFO PERFORMANCE:|1|1|-1|-1

2020-08-19 23:08:04,710 INFO PERFORMANCE:|1|1|-1|-1

